PeduliPanti - FE/build/app/intermediates/manifest_merge_blame_file/debug/manifest-merger-blame-debug-report.txt
1<?xml version="1.0" encoding="utf-8"?>
2<manifest xmlns:android="http://schemas.android.com/apk/res/android"
3    package="com.example.topup_shop"
4    android:versionCode="1"
5    android:versionName="1.0.0" >
6
7    <uses-sdk
8        android:minSdkVersion="21"
9        android:targetSdkVersion="34" />
10    <!--
11         The INTERNET permission is required for development. Specifically,
12         the Flutter tool needs it to communicate with the running application
13         to allow setting breakpoints, to provide hot reload, etc.
14    -->
15    <uses-permission android:name="android.permission.INTERNET" />
15-->src\debug\AndroidManifest.xml:6:5-66
15-->src\debug\AndroidManifest.xml:6:22-64
16    <!--
17     Required to query activities that can process text, see:
18         https://developer.android.com/training/package-visibility and
19         https://developer.android.com/reference/android/content/Intent#ACTION_PROCESS_TEXT.
20
21         In particular, this is used by the Flutter engine in io.flutter.plugin.text.ProcessTextPlugin.
22    -->
23    <queries>
23-->src\main\AndroidManifest.xml:39:5-44:15
24        <intent>
24-->src\main\AndroidManifest.xml:40:9-43:18
25            <action android:name="android.intent.action.PROCESS_TEXT" />
25-->src\main\AndroidManifest.xml:41:13-72
25-->src\main\AndroidManifest.xml:41:21-70
26
27            <data android:mimeType="text/plain" />
27-->src\main\AndroidManifest.xml:42:13-50
27-->src\main\AndroidManifest.xml:42:19-48
28        </intent>
29    </queries>
30
31    <uses-permission android:name="android.permission.ACCESS_COARSE_LOCATION" />
31-->[:location] AndroidManifest.xml:9:5-81
31-->[:location] AndroidManifest.xml:9:22-78
32    <uses-permission android:name="android.permission.ACCESS_FINE_LOCATION" />
32-->[:location] AndroidManifest.xml:10:5-79
32-->[:location] AndroidManifest.xml:10:22-76
33
34    <permission
34-->[androidx.core:core:1.13.1] AndroidManifest.xml:22:5-24:47
35        android:name="com.example.topup_shop.DYNAMIC_RECEIVER_NOT_EXPORTED_PERMISSION"
35-->[androidx.core:core:1.13.1] AndroidManifest.xml:23:9-81
36        android:protectionLevel="signature" />
36-->[androidx.core:core:1.13.1] AndroidManifest.xml:24:9-44
37
38    <uses-permission android:name="com.example.topup_shop.DYNAMIC_RECEIVER_NOT_EXPORTED_PERMISSION" />
38-->[androidx.core:core:1.13.1] AndroidManifest.xml:26:5-97
38-->[androidx.core:core:1.13.1] AndroidManifest.xml:26:22-94
39
40    <application
41        android:name="android.app.Application"
42        android:appComponentFactory="androidx.core.app.CoreComponentFactory"
42-->[androidx.core:core:1.13.1] AndroidManifest.xml:28:18-86
43        android:debuggable="true"
44        android:icon="@mipmap/ic_launcher"
45        android:label="topup_shop" >
46        <activity
47            android:name="com.example.topup_shop.MainActivity"
48            android:configChanges="orientation|keyboardHidden|keyboard|screenSize|smallestScreenSize|locale|layoutDirection|fontScale|screenLayout|density|uiMode"
49            android:exported="true"
50            android:hardwareAccelerated="true"
51            android:launchMode="singleTop"
52            android:taskAffinity=""
53            android:theme="@style/LaunchTheme"
54            android:windowSoftInputMode="adjustResize" >
55
56            <!--
57                 Specifies an Android theme to apply to this Activity as soon as
58                 the Android process has started. This theme is visible to the user
59                 while the Flutter UI initializes. After that, this theme continues
60                 to determine the Window background behind the Flutter UI.
61            -->
62            <meta-data
63                android:name="io.flutter.embedding.android.NormalTheme"
64                android:resource="@style/NormalTheme" />
65
66            <intent-filter>
67                <action android:name="android.intent.action.MAIN" />
68
69                <category android:name="android.intent.category.LAUNCHER" />
70            </intent-filter>
71        </activity>
72        <!--
73             Don't delete the meta-data below.
74             This is used by the Flutter tool to generate GeneratedPluginRegistrant.java
75        -->
76        <meta-data
77            android:name="flutterEmbedding"
78            android:value="2" />
79
80        <provider
80-->[:image_picker_android] AndroidManifest.xml:11:9-19:20
81            android:name="io.flutter.plugins.imagepicker.ImagePickerFileProvider"
81-->[:image_picker_android] AndroidManifest.xml:12:13-82
82            android:authorities="com.example.topup_shop.flutter.image_provider"
82-->[:image_picker_android] AndroidManifest.xml:13:13-74
83            android:exported="false"
83-->[:image_picker_android] AndroidManifest.xml:14:13-37
84            android:grantUriPermissions="true" >
84-->[:image_picker_android] AndroidManifest.xml:15:13-47
85            <meta-data
85-->[:image_picker_android] AndroidManifest.xml:16:13-18:75
86                android:name="android.support.FILE_PROVIDER_PATHS"
86-->[:image_picker_android] AndroidManifest.xml:17:17-67
87                android:resource="@xml/flutter_image_picker_file_paths" />
87-->[:image_picker_android] AndroidManifest.xml:18:17-72
88        </provider> <!-- Trigger Google Play services to install the backported photo picker module. -->
89        <service
89-->[:image_picker_android] AndroidManifest.xml:21:9-33:19
90            android:name="com.google.android.gms.metadata.ModuleDependencies"
90-->[:image_picker_android] AndroidManifest.xml:22:13-78
91            android:enabled="false"
91-->[:image_picker_android] AndroidManifest.xml:23:13-36
92            android:exported="false" >
92-->[:image_picker_android] AndroidManifest.xml:24:13-37
93            <intent-filter>
93-->[:image_picker_android] AndroidManifest.xml:26:13-28:29
94                <action android:name="com.google.android.gms.metadata.MODULE_DEPENDENCIES" />
94-->[:image_picker_android] AndroidManifest.xml:27:17-94
94-->[:image_picker_android] AndroidManifest.xml:27:25-91
95            </intent-filter>
96
97            <meta-data
97-->[:image_picker_android] AndroidManifest.xml:30:13-32:36
98                android:name="photopicker_activity:0:required"
98-->[:image_picker_android] AndroidManifest.xml:31:17-63
99                android:value="" />
99-->[:image_picker_android] AndroidManifest.xml:32:17-33
100        </service>
101        <service
101-->[:location] AndroidManifest.xml:13:9-17:56
102            android:name="com.lyokone.location.FlutterLocationService"
102-->[:location] AndroidManifest.xml:14:13-71
103            android:enabled="true"
103-->[:location] AndroidManifest.xml:15:13-35
104            android:exported="false"
104-->[:location] AndroidManifest.xml:16:13-37
105            android:foregroundServiceType="location" />
105-->[:location] AndroidManifest.xml:17:13-53
106
107        <activity
107-->[com.google.android.gms:play-services-base:18.3.0] AndroidManifest.xml:20:9-22:45
108            android:name="com.google.android.gms.common.api.GoogleApiActivity"
108-->[com.google.android.gms:play-services-base:18.3.0] AndroidManifest.xml:20:19-85
109            android:exported="false"
109-->[com.google.android.gms:play-services-base:18.3.0] AndroidManifest.xml:22:19-43
110            android:theme="@android:style/Theme.Translucent.NoTitleBar" />
110-->[com.google.android.gms:play-services-base:18.3.0] AndroidManifest.xml:21:19-78
111
112        <meta-data
112-->[com.google.android.gms:play-services-basement:18.3.0] AndroidManifest.xml:21:9-23:69
113            android:name="com.google.android.gms.version"
113-->[com.google.android.gms:play-services-basement:18.3.0] AndroidManifest.xml:22:13-58
114            android:value="@integer/google_play_services_version" />
114-->[com.google.android.gms:play-services-basement:18.3.0] AndroidManifest.xml:23:13-66
115
116        <uses-library
116-->[androidx.window:window:1.2.0] AndroidManifest.xml:23:9-25:40
117            android:name="androidx.window.extensions"
117-->[androidx.window:window:1.2.0] AndroidManifest.xml:24:13-54
118            android:required="false" />
118-->[androidx.window:window:1.2.0] AndroidManifest.xml:25:13-37
119        <uses-library
119-->[androidx.window:window:1.2.0] AndroidManifest.xml:26:9-28:40
120            android:name="androidx.window.sidecar"
120-->[androidx.window:window:1.2.0] AndroidManifest.xml:27:13-51
121            android:required="false" />
121-->[androidx.window:window:1.2.0] AndroidManifest.xml:28:13-37
122
123        <provider
123-->[androidx.lifecycle:lifecycle-process:2.7.0] AndroidManifest.xml:24:9-32:20
124            android:name="androidx.startup.InitializationProvider"
124-->[androidx.lifecycle:lifecycle-process:2.7.0] AndroidManifest.xml:25:13-67
125            android:authorities="com.example.topup_shop.androidx-startup"
125-->[androidx.lifecycle:lifecycle-process:2.7.0] AndroidManifest.xml:26:13-68
126            android:exported="false" >
126-->[androidx.lifecycle:lifecycle-process:2.7.0] AndroidManifest.xml:27:13-37
127            <meta-data
127-->[androidx.lifecycle:lifecycle-process:2.7.0] AndroidManifest.xml:29:13-31:52
128                android:name="androidx.lifecycle.ProcessLifecycleInitializer"
128-->[androidx.lifecycle:lifecycle-process:2.7.0] AndroidManifest.xml:30:17-78
129                android:value="androidx.startup" />
129-->[androidx.lifecycle:lifecycle-process:2.7.0] AndroidManifest.xml:31:17-49
130            <meta-data
130-->[androidx.profileinstaller:profileinstaller:1.3.1] AndroidManifest.xml:29:13-31:52
131                android:name="androidx.profileinstaller.ProfileInstallerInitializer"
131-->[androidx.profileinstaller:profileinstaller:1.3.1] AndroidManifest.xml:30:17-85
132                android:value="androidx.startup" />
132-->[androidx.profileinstaller:profileinstaller:1.3.1] AndroidManifest.xml:31:17-49
133        </provider>
134
135        <receiver
135-->[androidx.profileinstaller:profileinstaller:1.3.1] AndroidManifest.xml:34:9-52:20
136            android:name="androidx.profileinstaller.ProfileInstallReceiver"
136-->[androidx.profileinstaller:profileinstaller:1.3.1] AndroidManifest.xml:35:13-76
137            android:directBootAware="false"
137-->[androidx.profileinstaller:profileinstaller:1.3.1] AndroidManifest.xml:36:13-44
138            android:enabled="true"
138-->[androidx.profileinstaller:profileinstaller:1.3.1] AndroidManifest.xml:37:13-35
139            android:exported="true"
139-->[androidx.profileinstaller:profileinstaller:1.3.1] AndroidManifest.xml:38:13-36
140            android:permission="android.permission.DUMP" >
140-->[androidx.profileinstaller:profileinstaller:1.3.1] AndroidManifest.xml:39:13-57
141            <intent-filter>
141-->[androidx.profileinstaller:profileinstaller:1.3.1] AndroidManifest.xml:40:13-42:29
142                <action android:name="androidx.profileinstaller.action.INSTALL_PROFILE" />
142-->[androidx.profileinstaller:profileinstaller:1.3.1] AndroidManifest.xml:41:17-91
142-->[androidx.profileinstaller:profileinstaller:1.3.1] AndroidManifest.xml:41:25-88
143            </intent-filter>
144            <intent-filter>
144-->[androidx.profileinstaller:profileinstaller:1.3.1] AndroidManifest.xml:43:13-45:29
145                <action android:name="androidx.profileinstaller.action.SKIP_FILE" />
145-->[androidx.profileinstaller:profileinstaller:1.3.1] AndroidManifest.xml:44:17-85
145-->[androidx.profileinstaller:profileinstaller:1.3.1] AndroidManifest.xml:44:25-82
146            </intent-filter>
147            <intent-filter>
147-->[androidx.profileinstaller:profileinstaller:1.3.1] AndroidManifest.xml:46:13-48:29
148                <action android:name="androidx.profileinstaller.action.SAVE_PROFILE" />
148-->[androidx.profileinstaller:profileinstaller:1.3.1] AndroidManifest.xml:47:17-88
148-->[androidx.profileinstaller:profileinstaller:1.3.1] AndroidManifest.xml:47:25-85
149            </intent-filter>
150            <intent-filter>
150-->[androidx.profileinstaller:profileinstaller:1.3.1] AndroidManifest.xml:49:13-51:29
151                <action android:name="androidx.profileinstaller.action.BENCHMARK_OPERATION" />
151-->[androidx.profileinstaller:profileinstaller:1.3.1] AndroidManifest.xml:50:17-95
151-->[androidx.profileinstaller:profileinstaller:1.3.1] AndroidManifest.xml:50:25-92
152            </intent-filter>
153        </receiver>
154    </application>
155
156</manifest>